<?xml version="1.0" encoding="UTF-8"?>
<!-- Generated by org.testng.reporters.JUnitXMLReporter -->
<testsuite hostname="dmin-PC" ignored="0" name="Default test" tests="3" failures="0" timestamp="14 Oct 2017 17:33:21 GMT" time="51.86" errors="0">
  <testcase name="runScenario" time="24.214" classname="runner.RunTestNg"/>
  <testcase name="runScenario" time="13.424" classname="runner.RunTestNg"/>
  <testcase name="runScenario" time="12.033" classname="runner.RunTestNg"/>
</testsuite> <!-- Default test -->
